TN:
SF:src/controllers/BookController.js
FN:4,create
FN:19,update
FN:33,remove
FNF:3
FNH:3
FNDA:2,create
FNDA:2,update
FNDA:2,remove
DA:1,1
DA:2,1
DA:3,1
DA:4,1
DA:5,2
DA:6,2
DA:7,2
DA:8,2
DA:9,1
DA:10,1
DA:11,1
DA:12,1
DA:13,1
DA:14,2
DA:15,0
DA:16,0
DA:17,1
DA:18,1
DA:19,1
DA:20,2
DA:21,2
DA:22,2
DA:23,1
DA:24,1
DA:25,1
DA:26,1
DA:27,1
DA:28,2
DA:29,0
DA:30,0
DA:31,1
DA:32,1
DA:33,1
DA:34,2
DA:35,2
DA:36,2
DA:37,1
DA:38,1
DA:39,1
DA:40,1
DA:41,1
DA:42,2
DA:43,0
DA:44,0
DA:45,2
DA:46,1
LF:46
LH:40
BRDA:4,0,0,2
BRDA:8,1,0,1
BRDA:14,2,0,0
BRDA:19,3,0,2
BRDA:22,4,0,1
BRDA:28,5,0,0
BRDA:33,6,0,2
BRDA:36,7,0,1
BRDA:42,8,0,0
BRF:9
BRH:6
end_of_record
TN:
SF:src/controllers/DetailController.js
FN:4,detail
FNF:1
FNH:1
FNDA:2,detail
DA:1,1
DA:2,1
DA:3,1
DA:4,1
DA:5,2
DA:6,2
DA:7,1
DA:8,1
DA:9,1
DA:10,1
DA:11,2
DA:12,1
LF:12
LH:12
BRDA:4,0,0,2
BRDA:7,1,0,1
BRF:2
BRH:2
end_of_record
TN:
SF:src/controllers/LoginController.js
FN:7,login
FN:24,logout
FNF:2
FNH:2
FNDA:2,login
FNDA:1,logout
DA:1,1
DA:2,1
DA:3,1
DA:4,1
DA:5,1
DA:6,1
DA:7,1
DA:8,2
DA:9,2
DA:10,2
DA:11,1
DA:12,1
DA:13,1
DA:14,1
DA:15,1
DA:16,1
DA:17,1
DA:18,1
DA:19,2
DA:20,0
DA:21,0
DA:22,1
DA:23,1
DA:24,1
DA:25,1
DA:26,1
DA:27,1
LF:27
LH:25
BRDA:7,0,0,2
BRDA:10,1,0,1
BRDA:19,2,0,0
BRDA:24,3,0,1
BRF:4
BRH:3
end_of_record
TN:
SF:src/controllers/RentController.js
FN:4,rentBook
FN:18,devolution
FNF:2
FNH:2
FNDA:2,rentBook
FNDA:1,devolution
DA:1,1
DA:2,1
DA:3,1
DA:4,1
DA:5,2
DA:6,2
DA:7,2
DA:8,1
DA:9,1
DA:10,1
DA:11,1
DA:12,1
DA:13,2
DA:14,0
DA:15,0
DA:16,1
DA:17,1
DA:18,1
DA:19,1
DA:20,1
DA:21,1
DA:22,1
DA:23,0
DA:24,0
DA:25,1
DA:26,1
LF:26
LH:22
BRDA:4,0,0,2
BRDA:7,1,0,1
BRDA:13,2,0,0
BRDA:18,3,0,1
BRDA:22,4,0,0
BRF:5
BRH:3
end_of_record
TN:
SF:src/controllers/SearchController.js
FN:4,search
FNF:1
FNH:1
FNDA:3,search
DA:1,1
DA:2,1
DA:3,1
DA:4,1
DA:5,3
DA:6,3
DA:7,3
DA:8,3
DA:9,2
DA:10,3
DA:11,0
DA:12,0
DA:13,0
DA:14,3
DA:15,1
DA:16,1
DA:17,3
DA:18,1
LF:18
LH:15
BRDA:4,0,0,3
BRDA:9,1,0,2
BRDA:10,2,0,0
BRDA:14,3,0,1
BRF:4
BRH:3
end_of_record
TN:
SF:src/models/Book.js
FNF:0
FNH:0
DA:1,1
DA:2,1
DA:3,1
DA:4,1
DA:5,1
DA:6,1
DA:7,1
DA:8,1
DA:9,1
DA:10,1
DA:11,1
DA:12,1
DA:13,1
DA:14,1
DA:15,1
DA:16,1
DA:17,1
DA:18,1
DA:19,1
DA:20,1
DA:21,1
DA:22,1
DA:23,1
DA:24,1
DA:25,1
DA:26,1
DA:27,1
DA:28,1
DA:29,1
DA:30,1
DA:31,1
LF:31
LH:31
BRF:0
BRH:0
end_of_record
TN:
SF:src/models/User.js
FNF:0
FNH:0
DA:1,1
DA:2,1
DA:3,1
DA:4,1
DA:5,1
DA:6,1
DA:7,1
DA:8,1
DA:9,1
DA:10,1
DA:11,1
DA:12,1
DA:13,1
DA:14,1
LF:14
LH:14
BRF:0
BRH:0
end_of_record
